<?xml version="1.0" encoding="utf-8"?><testsuites name="pytest tests"><testsuite name="pytest" errors="0" failures="35" skipped="0" tests="331" time="874.045" timestamp="2026-05-16T16:11:50.272178+01:00" hostname="EPGBLONW023C"><testcase classname="tests.test_data_integrity" name="test_lookup_file_exists_and_is_non_empty[capital_change_types.json]" time="0.004" /><testcase classname="tests.test_data_integrity" name="test_lookup_file_exists_and_is_non_empty[document_type_labels.json]" time="0.003" /><testcase classname="tests.test_data_integrity" name="test_lookup_file_exists_and_is_non_empty[industry_codes.json]" time="0.002" /><testcase classname="tests.test_data_integrity" name="test_lookup_file_exists_and_is_non_empty[issuing_authorities.json]" time="0.002" /><testcase classname="tests.test_data_integrity" name="test_lookup_file_exists_and_is_non_empty[legal_forms.json]" time="0.003" /><testcase classname="tests.test_data_integrity" name="test_lookup_file_exists_and_is_non_empty[role_titles.json]" time="0.003" /><testcase classname="tests.test_data_integrity" name="test_lookup_file_exists_and_is_non_empty[share_classes.json]" time="0.002" /><testcase classname="tests.test_data_integrity" name="test_lookup_file_exists_and_is_non_empty[status_terms.json]" time="0.004" /><testcase classname="tests.test_data_integrity" name="test_lookup_file_exists_and_is_non_empty[street_types.json]" time="0.003" /><testcase classname="tests.test_data_integrity" name="test_status_terms_values_are_canonical" time="0.002" /><testcase classname="tests.test_data_integrity" name="test_document_type_values_are_canonical" time="0.002" /><testcase classname="tests.test_data_integrity" name="test_share_class_values_are_canonical" time="0.002" /><testcase classname="tests.test_data_integrity" name="test_capital_change_values_are_canonical" time="0.002" /><testcase classname="tests.test_data_integrity" name="test_legal_forms_country_codes_are_two_chars" time="0.002" /><testcase classname="tests.test_data_integrity" name="test_issuing_authorities_country_codes_are_two_chars" time="0.002" /><testcase classname="tests.test_data_integrity" name="test_legal_forms_values_are_non_empty_strings" time="0.002" /><testcase classname="tests.test_data_integrity" name="test_issuing_authorities_values_are_non_empty_strings" time="0.002" /><testcase classname="tests.test_e2e_pipeline" name="test_e2e_preserve_arabic_indic_id_no" time="0.564" /><testcase classname="tests.test_e2e_pipeline" name="test_e2e_preserve_company_no" time="0.006" /><testcase classname="tests.test_e2e_pipeline" name="test_e2e_calendar_reiwa_date" time="0.011" /><testcase classname="tests.test_e2e_pipeline" name="test_e2e_calendar_thai_buddhist_date" time="0.016" /><testcase classname="tests.test_e2e_pipeline" name="test_e2e_numeric_triangle_negative" time="0.014" /><testcase classname="tests.test_e2e_pipeline" name="test_e2e_numeric_european_format" time="0.016" /><testcase classname="tests.test_e2e_pipeline" name="test_e2e_vocab_legal_form_japanese_kk" time="0.031" /><testcase classname="tests.test_e2e_pipeline" name="test_e2e_vocab_legal_form_russian_llc" time="0.024" /><testcase classname="tests.test_e2e_pipeline" name="test_e2e_vocab_status_japanese_active" time="0.010" /><testcase classname="tests.test_e2e_pipeline" name="test_e2e_vocab_status_arabic_dissolved" time="0.010" /><testcase classname="tests.test_e2e_pipeline" name="test_e2e_vocab_role_japanese_director" time="0.013" /><testcase classname="tests.test_e2e_pipeline" name="test_e2e_vocab_capital_change_japanese_increase" time="0.011" /><testcase classname="tests.test_e2e_pipeline" name="test_e2e_vocab_share_class_english_ordinary" time="0.013" /><testcase classname="tests.test_e2e_pipeline" name="test_e2e_vocab_issuing_authority_japanese" time="0.013" /><testcase classname="tests.test_e2e_pipeline" name="test_e2e_unresolved_arabic_person_name" time="0.011" /><testcase classname="tests.test_e2e_pipeline" name="test_e2e_country_arabic" time="0.040" /><testcase classname="tests.test_e2e_pipeline" name="test_e2e_country_japanese" time="0.016" /><testcase classname="tests.test_e2e_pipeline" name="test_e2e_nationality_english" time="0.020" /><testcase classname="tests.test_e2e_pipeline" name="test_e2e_place_of_birth_japanese" time="0.027" /><testcase classname="tests.test_epic00_data_contracts" name="test_normalisation_modules_importable" time="0.004" /><testcase classname="tests.test_epic00_data_contracts" name="test_required_config_keys_present" time="0.027" /><testcase classname="tests.test_epic00_data_contracts" name="test_logging_contract_exposes_get_logger" time="0.003" /><testcase classname="tests.test_epic00_integration_flask_routes" name="test_root_redirects_to_upload" time="0.064" /><testcase classname="tests.test_epic00_integration_flask_routes" name="test_upload_route_returns_200" time="0.106" /><testcase classname="tests.test_epic00_integration_flask_routes" name="test_paste_route_returns_200" time="0.069" /><testcase classname="tests.test_epic00_integration_flask_routes" name="test_review_route_returns_200" time="0.053" /><testcase classname="tests.test_epic00_integration_flask_routes" name="test_admin_route_returns_200" time="0.224" /><testcase classname="tests.test_epic00_integration_flask_routes" name="test_export_route_returns_200" time="0.037" /><testcase classname="tests.test_epic00_unit_flask_skeleton" name="test_create_app_returns_flask_instance" time="0.027" /><testcase classname="tests.test_epic00_unit_flask_skeleton" name="test_create_app_testing_config_flags" time="0.029" /><testcase classname="tests.test_epic00_unit_flask_skeleton" name="test_secret_key_present_in_testing" time="0.038" /><testcase classname="tests.test_epic00_unit_flask_skeleton" name="test_upload_and_backup_folders_configured" time="0.024" /><testcase classname="tests.test_epic00_unit_flask_skeleton" name="test_root_route_registered" time="0.026" /><testcase classname="tests.test_evaluator" name="test_golden_dataset_loads" time="0.009" /><testcase classname="tests.test_evaluator" name="test_evaluation_runs_without_error" time="218.354" /><testcase classname="tests.test_evaluator" name="test_accuracy_metric" time="0.004" /><testcase classname="tests.test_evaluator" name="test_accuracy_empty" time="0.002" /><testcase classname="tests.test_evaluator" name="test_preserve_cases_are_100_percent_accurate" time="218.748"><failure message="AssertionError: PRESERVE accuracy should be 100%, got 80.9%. Failing: ['IT002', 'KOA004', 'FRA004', 'DEA004', 'ESA004', 'ITA004', 'DEPP004', 'ELID002', 'ENREF001', 'ESID001', 'ESREG001', 'ITID001', 'ITTAX001']&#10;assert 0.8088235294117647 == 1.0&#10; +  where 0.8088235294117647 = accuracy([{'actual': 'test.user+aml@gmail.com', 'case_id': 'KYC025', 'expected': 'test.user+aml@gmail.com', 'expected_treatment.....}, {'actual': 'MJ0991103', 'case_id': 'IMG010', 'expected': 'MJ0991103', 'expected_treatment': 'PRESERVE', ...}, ...])">E   AssertionError: PRESERVE accuracy should be 100%, got 80.9%. Failing: ['IT002', 'KOA004', 'FRA004', 'DEA004', 'ESA004', 'ITA004', 'DEPP004', 'ELID002', 'ENREF001', 'ESID001', 'ESREG001', 'ITID001', 'ITTAX001']
    assert 0.8088235294117647 == 1.0
     +  where 0.8088235294117647 = accuracy([{'actual': 'test.user+aml@gmail.com', 'case_id': 'KYC025', 'expected': 'test.user+aml@gmail.com', 'expected_treatment.....}, {'actual': 'MJ0991103', 'case_id': 'IMG010', 'expected': 'MJ0991103', 'expected_treatment': 'PRESERVE', ...}, ...])</failure></testcase><testcase classname="tests.test_evaluator" name="test_accuracy_by_language_keys" time="209.198" /><testcase classname="tests.test_evaluator" name="test_accuracy_by_treatment_keys" time="220.675" /><testcase classname="tests.test_frontend_ui_epic" name="test_tab_pages_return_200" time="0.119" /><testcase classname="tests.test_frontend_ui_epic" name="test_active_tab_changes_by_route" time="0.094" /><testcase classname="tests.test_frontend_ui_epic" name="test_review_tab_hidden_when_context_flag_false" time="0.048" /><testcase classname="tests.test_frontend_ui_epic" name="test_upload_process_returns_not_implemented_partial" time="0.356" /><testcase classname="tests.test_frontend_ui_epic" name="test_paste_translate_returns_result_partial" time="0.034"><failure message="assert 400 == 200&#10; +  where 400 = &lt;WrapperTestResponse 149 bytes [400 BAD REQUEST]&gt;.status_code">E   assert 400 == 200
     +  where 400 = &lt;WrapperTestResponse 149 bytes [400 BAD REQUEST]&gt;.status_code</failure></testcase><testcase classname="tests.test_frontend_ui_epic" name="test_paste_page_has_no_dropdowns" time="0.047" /><testcase classname="tests.test_frontend_ui_epic" name="test_paste_translate_missing_key_degrades_gracefully" time="0.035"><failure message="assert 400 == 200&#10; +  where 400 = &lt;WrapperTestResponse 158 bytes [400 BAD REQUEST]&gt;.status_code">E   assert 400 == 200
     +  where 400 = &lt;WrapperTestResponse 158 bytes [400 BAD REQUEST]&gt;.status_code</failure></testcase><testcase classname="tests.test_frontend_ui_epic" name="test_review_detail_returns_not_implemented_partial" time="0.036" /><testcase classname="tests.test_frontend_ui_epic" name="test_review_submit_returns_not_implemented_partial" time="0.035" /><testcase classname="tests.test_frontend_ui_epic" name="test_escalate_returns_not_implemented_partial" time="0.033" /><testcase classname="tests.test_frontend_ui_epic" name="test_export_endpoints_return_not_implemented_partial" time="0.041" /><testcase classname="tests.test_router" name="test_preserve_fields_returned_verbatim[passport_no-TK1234567]" time="0.002" /><testcase classname="tests.test_router" name="test_preserve_fields_returned_verbatim[id_no-987654321]" time="0.002" /><testcase classname="tests.test_router" name="test_preserve_fields_returned_verbatim[email-john.doe@example.com]" time="0.001" /><testcase classname="tests.test_router" name="test_preserve_fields_returned_verbatim[registration_no-DE123456789]" time="0.001" /><testcase classname="tests.test_router" name="test_preserve_fields_returned_verbatim[company_no-SC123456]" time="0.002" /><testcase classname="tests.test_router" name="test_preserve_fields_returned_verbatim[tax_id-GB123456789]" time="0.003" /><testcase classname="tests.test_router" name="test_preserve_arabic_indic_digits_not_converted" time="0.001" /><testcase classname="tests.test_router" name="test_preserve_full_width_digits_not_converted" time="0.003"><failure message="AssertionError: assert 'A12345' == 'Ａ１２３４５'&#10;  &#10;  - Ａ１２３４５&#10;  + A12345">E   AssertionError: assert 'A12345' == 'Ａ１２３４５'
      
      - Ａ１２３４５
      + A12345</failure></testcase><testcase classname="tests.test_router" name="test_preserve_empty_string" time="0.001" /><testcase classname="tests.test_router" name="test_unresolved_for_non_preserve_fields[person_name]" time="0.002"><failure message="AssertionError: assert 'CHARACTER_MAP' == 'UNRESOLVED'&#10;  &#10;  - UNRESOLVED&#10;  + CHARACTER_MAP">E   AssertionError: assert 'CHARACTER_MAP' == 'UNRESOLVED'
      
      - UNRESOLVED
      + CHARACTER_MAP</failure></testcase><testcase classname="tests.test_router" name="test_unresolved_for_non_preserve_fields[company_name]" time="0.005"><failure message="AssertionError: assert 'TRANSLITERATE' == 'UNRESOLVED'&#10;  &#10;  - UNRESOLVED&#10;  + TRANSLITERATE">E   AssertionError: assert 'TRANSLITERATE' == 'UNRESOLVED'
      
      - UNRESOLVED
      + TRANSLITERATE</failure></testcase><testcase classname="tests.test_router" name="test_unresolved_for_non_preserve_fields[address]" time="0.003"><failure message="AssertionError: assert 'GEOGRAPHIC' == 'UNRESOLVED'&#10;  &#10;  - UNRESOLVED&#10;  + GEOGRAPHIC">E   AssertionError: assert 'GEOGRAPHIC' == 'UNRESOLVED'
      
      - UNRESOLVED
      + GEOGRAPHIC</failure></testcase><testcase classname="tests.test_router" name="test_unresolved_for_non_preserve_fields[legal_form]" time="0.001" /><testcase classname="tests.test_router" name="test_unresolved_for_non_preserve_fields[status]" time="0.001" /><testcase classname="tests.test_router" name="test_unresolved_for_non_preserve_fields[nationality]" time="0.001" /><testcase classname="tests.test_router" name="test_detect_field_type_parses_llm_json" time="0.004"><failure message="AssertionError: assert 'unknown' == 'ja'&#10;  &#10;  - ja&#10;  + unknown">E   AssertionError: assert 'unknown' == 'ja'
      
      - ja
      + unknown</failure></testcase><testcase classname="tests.test_router" name="test_detect_field_type_fallback_on_error" time="0.006"><failure message="AssertionError: assert 'unknown' == 'unstructured_text'&#10;  &#10;  - unstructured_text&#10;  + unknown">E   AssertionError: assert 'unknown' == 'unstructured_text'
      
      - unstructured_text
      + unknown</failure></testcase><testcase classname="tests.test_router" name="test_orchestrator_preserve" time="0.001" /><testcase classname="tests.test_router" name="test_orchestrator_unresolved" time="0.003"><failure message="AssertionError: assert 'TRANSLITERATE' == 'UNRESOLVED'&#10;  &#10;  - UNRESOLVED&#10;  + TRANSLITERATE">E   AssertionError: assert 'TRANSLITERATE' == 'UNRESOLVED'
      
      - UNRESOLVED
      + TRANSLITERATE</failure></testcase><testcase classname="tests.test_router" name="test_strategy_b_calendar_in_router" time="0.001" /><testcase classname="tests.test_router" name="test_strategy_b_numeric_in_router" time="0.001" /><testcase classname="tests.test_router" name="test_strategy_c_vocabulary_in_router_with_app_context" time="0.039" /><testcase classname="tests.test_router" name="test_orchestrator_document_file_raises_not_implemented" time="0.001" /><testcase classname="tests.test_routes_paste" name="test_paste_form_field_name_is_original_text" time="0.002" /><testcase classname="tests.test_routes_paste" name="test_paste_translate_preserve_field_real_result" time="0.058"><failure message="assert 400 == 200&#10; +  where 400 = &lt;WrapperTestResponse 153 bytes [400 BAD REQUEST]&gt;.status_code">E   assert 400 == 200
     +  where 400 = &lt;WrapperTestResponse 153 bytes [400 BAD REQUEST]&gt;.status_code</failure></testcase><testcase classname="tests.test_routes_paste" name="test_paste_translate_strategy_b_calendar_real_result" time="0.040"><failure message="assert 400 == 200&#10; +  where 400 = &lt;WrapperTestResponse 158 bytes [400 BAD REQUEST]&gt;.status_code">E   assert 400 == 200
     +  where 400 = &lt;WrapperTestResponse 158 bytes [400 BAD REQUEST]&gt;.status_code</failure></testcase><testcase classname="tests.test_routes_paste" name="test_paste_translate_strategy_c_vocabulary_real_result" time="0.053"><failure message="assert 400 == 200&#10; +  where 400 = &lt;WrapperTestResponse 160 bytes [400 BAD REQUEST]&gt;.status_code">E   assert 400 == 200
     +  where 400 = &lt;WrapperTestResponse 160 bytes [400 BAD REQUEST]&gt;.status_code</failure></testcase><testcase classname="tests.test_routes_paste" name="test_paste_translate_unresolved_shows_review_notice" time="0.036"><failure message="assert 400 == 200&#10; +  where 400 = &lt;WrapperTestResponse 157 bytes [400 BAD REQUEST]&gt;.status_code">E   assert 400 == 200
     +  where 400 = &lt;WrapperTestResponse 157 bytes [400 BAD REQUEST]&gt;.status_code</failure></testcase><testcase classname="tests.test_routes_paste" name="test_paste_translate_empty_text_returns_400" time="0.035" /><testcase classname="tests.test_routes_paste" name="test_paste_translate_text_too_long_returns_400" time="0.033" /><testcase classname="tests.test_routes_paste" name="test_paste_translate_llm_api_error_degrades_gracefully" time="0.109" /><testcase classname="tests.test_rules" name="test_preserve_passport_number" time="0.001" /><testcase classname="tests.test_rules" name="test_preserve_email" time="0.001" /><testcase classname="tests.test_rules" name="test_preserve_email_with_special_chars" time="0.001" /><testcase classname="tests.test_rules" name="test_preserve_id_number" time="0.001" /><testcase classname="tests.test_rules" name="test_non_preserve_person_name_returns_none" time="0.001" /><testcase classname="tests.test_rules" name="test_non_preserve_address_returns_none" time="0.001" /><testcase classname="tests.test_rules" name="test_arabic_indic_to_ascii_arabic" time="0.001" /><testcase classname="tests.test_rules" name="test_arabic_indic_to_ascii_persian" time="0.001" /><testcase classname="tests.test_rules" name="test_arabic_indic_mixed_with_separators" time="0.001" /><testcase classname="tests.test_rules" name="test_detect_hijri_year" time="0.001" /><testcase classname="tests.test_rules" name="test_detect_gregorian_year" time="0.001" /><testcase classname="tests.test_rules" name="test_detect_gregorian_arabic_indic" time="0.001" /><testcase classname="tests.test_rules" name="test_detect_hijri_arabic_indic" time="0.001" /><testcase classname="tests.test_rules" name="test_gregorian_arabic_indic_normalised" time="0.001" /><testcase classname="tests.test_rules" name="test_gregorian_dd_mm_yyyy_normalised" time="0.001" /><testcase classname="tests.test_rules" name="test_iso_gregorian_passthrough" time="0.001" /><testcase classname="tests.test_rules" name="test_hijri_date_converted_and_flagged" time="0.010" /><testcase classname="tests.test_rules" name="test_birth_date_field_type_handled" time="0.001" /><testcase classname="tests.test_rules" name="test_date_field_type_handled" time="0.001" /><testcase classname="tests.test_strategy_a_preserve" name="test_preserve_all_fields_returned_verbatim[passport_no]" time="0.002"><failure message="AssertionError: assert 'ALPHAXYZ' == 'ALPHA-XYZ'&#10;  &#10;  - ALPHA-XYZ&#10;  ?      -&#10;  + ALPHAXYZ">E   AssertionError: assert 'ALPHAXYZ' == 'ALPHA-XYZ'
      
      - ALPHA-XYZ
      ?      -
      + ALPHAXYZ</failure></testcase><testcase classname="tests.test_strategy_a_preserve" name="test_preserve_all_fields_returned_verbatim[id_no]" time="0.001" /><testcase classname="tests.test_strategy_a_preserve" name="test_preserve_all_fields_returned_verbatim[id_number]" time="0.002"><failure message="AssertionError: assert 'ALPHAXYZ' == 'ALPHA-XYZ'&#10;  &#10;  - ALPHA-XYZ&#10;  ?      -&#10;  + ALPHAXYZ">E   AssertionError: assert 'ALPHAXYZ' == 'ALPHA-XYZ'
      
      - ALPHA-XYZ
      ?      -
      + ALPHAXYZ</failure></testcase><testcase classname="tests.test_strategy_a_preserve" name="test_preserve_all_fields_returned_verbatim[iban]" time="0.002" /><testcase classname="tests.test_strategy_a_preserve" name="test_preserve_all_fields_returned_verbatim[lei_code]" time="0.002" /><testcase classname="tests.test_strategy_a_preserve" name="test_preserve_all_fields_returned_verbatim[email]" time="0.001" /><testcase classname="tests.test_strategy_a_preserve" name="test_preserve_all_fields_returned_verbatim[registration_no]" time="0.001" /><testcase classname="tests.test_strategy_a_preserve" name="test_preserve_all_fields_returned_verbatim[company_no]" time="0.001" /><testcase classname="tests.test_strategy_a_preserve" name="test_preserve_all_fields_returned_verbatim[commercial_registration_no]" time="0.002" /><testcase classname="tests.test_strategy_a_preserve" name="test_preserve_all_fields_returned_verbatim[reference_no]" time="0.002" /><testcase classname="tests.test_strategy_a_preserve" name="test_preserve_all_fields_returned_verbatim[tax_id]" time="0.002"><failure message="AssertionError: assert 'ALPHAXYZ' == 'ALPHA-XYZ'&#10;  &#10;  - ALPHA-XYZ&#10;  ?      -&#10;  + ALPHAXYZ">E   AssertionError: assert 'ALPHAXYZ' == 'ALPHA-XYZ'
      
      - ALPHA-XYZ
      ?      -
      + ALPHAXYZ</failure></testcase><testcase classname="tests.test_strategy_a_preserve" name="test_preserve_all_fields_returned_verbatim[vat_number]" time="0.001" /><testcase classname="tests.test_strategy_a_preserve" name="test_preserve_all_fields_returned_verbatim[document_number]" time="0.001" /><testcase classname="tests.test_strategy_a_preserve" name="test_preserve_all_fields_returned_verbatim[licence_no]" time="0.001" /><testcase classname="tests.test_strategy_a_preserve" name="test_preserve_arabic_indic_digits_not_transliterated" time="0.001" /><testcase classname="tests.test_strategy_a_preserve" name="test_preserve_full_width_chars_not_normalised" time="0.002"><failure message="AssertionError: assert 'A12345' == 'Ａ１２３４５'&#10;  &#10;  - Ａ１２３４５&#10;  + A12345">E   AssertionError: assert 'A12345' == 'Ａ１２３４５'
      
      - Ａ１２３４５
      + A12345</failure></testcase><testcase classname="tests.test_strategy_a_preserve" name="test_preserve_empty_string" time="0.001" /><testcase classname="tests.test_strategy_a_preserve" name="test_preserve_registration_no_verbatim" time="0.001" /><testcase classname="tests.test_strategy_a_preserve" name="test_preserve_email_verbatim" time="0.001" /><testcase classname="tests.test_strategy_a_preserve" name="test_preserve_tax_id_verbatim" time="0.002"><failure message="AssertionError: assert 'GBREGALPHA' == 'GBREG-ALPHA'&#10;  &#10;  - GBREG-ALPHA&#10;  ?      -&#10;  + GBREGALPHA">E   AssertionError: assert 'GBREGALPHA' == 'GBREG-ALPHA'
      
      - GBREG-ALPHA
      ?      -
      + GBREGALPHA</failure></testcase><testcase classname="tests.test_strategy_b_calendar" name="test_hijri_to_gregorian_known_date" time="0.001" /><testcase classname="tests.test_strategy_b_calendar" name="test_japanese_era_showa" time="0.001" /><testcase classname="tests.test_strategy_b_calendar" name="test_japanese_era_reiwa" time="0.002" /><testcase classname="tests.test_strategy_b_calendar" name="test_arabic_indic_digits" time="0.002" /><testcase classname="tests.test_strategy_b_calendar" name="test_eastern_arabic_indic_digits" time="0.001" /><testcase classname="tests.test_strategy_b_calendar" name="test_solar_hijri_known_date" time="0.035" /><testcase classname="tests.test_strategy_b_calendar" name="test_hebrew_known_date" time="0.001" /><testcase classname="tests.test_strategy_b_calendar" name="test_thai_buddhist_known_date" time="0.001" /><testcase classname="tests.test_strategy_b_calendar" name="test_minguo_known_date" time="0.001" /><testcase classname="tests.test_strategy_b_calendar" name="test_thai_date_detected_by_language" time="0.001" /><testcase classname="tests.test_strategy_b_calendar" name="test_minguo_detected_by_country_tw" time="0.001" /><testcase classname="tests.test_strategy_b_calendar" name="test_solar_hijri_detected_by_language_fa" time="0.029" /><testcase classname="tests.test_strategy_b_calendar" name="test_hebrew_detected_by_language_he" time="0.001" /><testcase classname="tests.test_strategy_b_calendar" name="test_fullwidth_digits" time="0.001" /><testcase classname="tests.test_strategy_b_calendar" name="test_devanagari_digits" time="0.001" /><testcase classname="tests.test_strategy_b_calendar" name="test_thai_digits" time="0.001" /><testcase classname="tests.test_strategy_b_calendar" name="test_european_number_format" time="0.001" /><testcase classname="tests.test_strategy_b_calendar" name="test_swiss_number_format" time="0.001" /><testcase classname="tests.test_strategy_b_calendar" name="test_parenthetical_negative_triangle" time="0.002" /><testcase classname="tests.test_strategy_b_calendar" name="test_parenthetical_negative_fullwidth" time="0.001" /><testcase classname="tests.test_strategy_b_calendar" name="test_parenthetical_negative_ascii" time="0.001" /><testcase classname="tests.test_strategy_b_calendar" name="test_currency_yen_japanese" time="0.001" /><testcase classname="tests.test_strategy_b_calendar" name="test_currency_yen_chinese" time="0.001" /><testcase classname="tests.test_strategy_b_calendar" name="test_currency_rial" time="0.001" /><testcase classname="tests.test_strategy_b_calendar" name="test_currency_shekel" time="0.001" /><testcase classname="tests.test_strategy_b_calendar" name="test_returns_none_for_non_numeric_field" time="0.002" /><testcase classname="tests.test_strategy_b_calendar" name="test_returns_none_for_preserve_field" time="0.002" /><testcase classname="tests.test_strategy_b_calendar" name="test_arabic_indic_digits_in_unstructured_text_converts" time="0.001" /><testcase classname="tests.test_strategy_b_calendar" name="test_extended_arabic_indic_digits_in_unstructured_text_converts" time="0.001" /><testcase classname="tests.test_strategy_b_calendar" name="test_arabic_text_in_unstructured_text_does_not_convert" time="0.001" /><testcase classname="tests.test_strategy_b_calendar" name="test_preserve_field_with_arabic_indic_digits_not_intercepted" time="0.001" /><testcase classname="tests.test_strategy_c_vocabulary" name="test_lookup_legal_form_de_suffix_match" time="0.010" /><testcase classname="tests.test_strategy_c_vocabulary" name="test_lookup_status_fallback_to_english" time="0.009" /><testcase classname="tests.test_strategy_c_vocabulary" name="test_lookup_role_strips_trailing_punctuation" time="0.010" /><testcase classname="tests.test_strategy_c_vocabulary" name="test_lookup_document_type_arabic" time="0.011" /><testcase classname="tests.test_strategy_c_vocabulary" name="test_lookup_capital_change_japanese" time="0.008" /><testcase classname="tests.test_strategy_c_vocabulary" name="test_lookup_industry_code_parent_match" time="0.010" /><testcase classname="tests.test_strategy_c_vocabulary" name="test_lookup_unsupported_field_returns_none" time="0.010" /><testcase classname="tests.test_strategy_c_vocabulary" name="test_status_terms_values_are_canonical" time="0.002" /><testcase classname="tests.test_strategy_c_vocabulary" name="test_document_type_values_are_canonical" time="0.002" /><testcase classname="tests.test_strategy_c_vocabulary" name="test_lookup_issuing_authority_japanese_with_country" time="0.014" /><testcase classname="tests.test_strategy_c_vocabulary" name="test_lookup_issuing_authority_japanese_no_country" time="0.011" /><testcase classname="tests.test_strategy_c_vocabulary" name="test_lookup_issuing_authority_arabic_uae" time="0.011" /><testcase classname="tests.test_strategy_c_vocabulary" name="test_lookup_issuing_authority_unknown_returns_none" time="0.009" /><testcase classname="tests.test_strategy_c_vocabulary" name="test_router_routes_issuing_authority_via_strategy_c" time="0.033" /><testcase classname="tests.test_strategy_d_geographic" name="test_nationality_fields_subset_of_geographic" time="0.001" /><testcase classname="tests.test_strategy_d_geographic" name="test_address_fields_subset_of_geographic" time="0.002" /><testcase classname="tests.test_strategy_d_geographic" name="test_arabic_germany" time="0.023"><failure message="assert None is not None">E   assert None is not None</failure></testcase><testcase classname="tests.test_strategy_d_geographic" name="test_japanese_japan" time="0.002"><failure message="assert None is not None">E   assert None is not None</failure></testcase><testcase classname="tests.test_strategy_d_geographic" name="test_russian_germany" time="0.001"><failure message="assert None is not None">E   assert None is not None</failure></testcase><testcase classname="tests.test_strategy_d_geographic" name="test_greek_germany" time="0.001"><failure message="assert None is not None">E   assert None is not None</failure></testcase><testcase classname="tests.test_strategy_d_geographic" name="test_chinese_china" time="0.001"><failure message="assert None is not None">E   assert None is not None</failure></testcase><testcase classname="tests.test_strategy_d_geographic" name="test_korean_usa" time="0.001"><failure message="assert None is not None">E   assert None is not None</failure></testcase><testcase classname="tests.test_strategy_d_geographic" name="test_arabic_saudi_nationality" time="0.001"><failure message="assert None is not None">E   assert None is not None</failure></testcase><testcase classname="tests.test_strategy_d_geographic" name="test_english_germany" time="0.001" /><testcase classname="tests.test_strategy_d_geographic" name="test_english_united_states" time="0.001" /><testcase classname="tests.test_strategy_d_geographic" name="test_arabic_cairo" time="0.026"><failure message="assert None is not None">E   assert None is not None</failure></testcase><testcase classname="tests.test_strategy_d_geographic" name="test_japanese_tokyo" time="0.026"><failure message="assert None is not None">E   assert None is not None</failure></testcase><testcase classname="tests.test_strategy_d_geographic" name="test_russian_moscow" time="0.024"><failure message="assert None is not None">E   assert None is not None</failure></testcase><testcase classname="tests.test_strategy_d_geographic" name="test_german_munich" time="0.024"><failure message="assert None is not None">E   assert None is not None</failure></testcase><testcase classname="tests.test_strategy_d_geographic" name="test_english_city_tokyo" time="0.001" /><testcase classname="tests.test_strategy_d_geographic" name="test_demonym_arabic_germany_no_adjectival_form" time="0.003"><failure message="assert None is not None">E   assert None is not None</failure></testcase><testcase classname="tests.test_strategy_d_geographic" name="test_demonym_japanese_resolves_to_japan" time="0.003"><failure message="assert None is not None">E   assert None is not None</failure></testcase><testcase classname="tests.test_strategy_d_geographic" name="test_returns_none_for_person_name" time="0.002" /><testcase classname="tests.test_strategy_d_geographic" name="test_returns_none_for_legal_form" time="0.001" /><testcase classname="tests.test_strategy_d_geographic" name="test_returns_none_for_status" time="0.001" /><testcase classname="tests.test_strategy_d_geographic" name="test_returns_none_for_empty_text" time="0.001" /><testcase classname="tests.test_strategy_d_geographic" name="test_returns_none_for_unknown_text" time="0.001" /><testcase classname="tests.test_strategy_d_geographic" name="test_exact_match_confidence_high" time="0.001" /><testcase classname="tests.test_strategy_d_geographic" name="test_exact_match_no_review_required" time="0.001" /><testcase classname="tests.test_strategy_d_geographic" name="test_valid_hierarchy_tokyo_japan" time="0.001" /><testcase classname="tests.test_strategy_d_geographic" name="test_invalid_hierarchy_wrong_country" time="0.001" /><testcase classname="tests.test_strategy_d_geographic" name="test_unknown_city_passes_through" time="0.001" /><testcase classname="tests.test_strategy_d_geographic" name="test_router_returns_geographic_for_nationality" time="0.009" /><testcase classname="tests.test_strategy_f_transliteration" name="test_russian_bgn_pcgn_natalya" time="0.024" /><testcase classname="tests.test_strategy_f_transliteration" name="test_russian_bgn_pcgn_aleksandr" time="0.001" /><testcase classname="tests.test_strategy_f_transliteration" name="test_russian_full_name" time="0.001" /><testcase classname="tests.test_strategy_f_transliteration" name="test_greek_nikos" time="0.002" /><testcase classname="tests.test_strategy_f_transliteration" name="test_greek_full_name" time="0.001" /><testcase classname="tests.test_strategy_f_transliteration" name="test_japanese_surname_tanaka" time="0.003" /><testcase classname="tests.test_strategy_f_transliteration" name="test_japanese_full_name" time="0.003" /><testcase classname="tests.test_strategy_f_transliteration" name="test_chinese_full_name_fusion" time="0.002" /><testcase classname="tests.test_strategy_f_transliteration" name="test_korean_name" time="0.001" /><testcase classname="tests.test_strategy_f_transliteration" name="test_arabic_always_review_required" time="0.001" /><testcase classname="tests.test_strategy_f_transliteration" name="test_german_umlaut" time="0.001" /><testcase classname="tests.test_strategy_f_transliteration" name="test_french_accent" time="0.001" /><testcase classname="tests.test_strategy_f_transliteration" name="test_hebrew_standard_name" time="0.003" /><testcase classname="tests.test_strategy_f_transliteration" name="test_hebrew_not_falling_to_unidecode" time="0.001" /><testcase classname="tests.test_strategy_f_transliteration" name="test_persian_always_review_required" time="0.003" /><testcase classname="tests.test_strategy_f_transliteration" name="test_persian_not_falling_to_unidecode" time="0.001" /><testcase classname="tests.test_strategy_f_transliteration" name="test_thai_standard_name" time="0.003" /><testcase classname="tests.test_strategy_f_transliteration" name="test_thai_not_falling_to_unidecode" time="0.001" /><testcase classname="tests.test_strategy_f_transliteration" name="test_unknown_language_falls_back_gracefully" time="0.002" /><testcase classname="tests.test_strategy_f_transliteration" name="test_empty_text_returns_none" time="0.001" /><testcase classname="tests.test_strategy_f_transliteration" name="test_non_transliteration_field_returns_none" time="0.001" /><testcase classname="tests.test_strategy_f_transliteration" name="test_russian_routes_to_transliteration" time="0.022" /><testcase classname="tests.test_strategy_f_transliteration" name="test_japanese_routes_to_transliteration" time="0.015" /><testcase classname="tests.test_strategy_f_transliteration" name="test_greek_routes_to_transliteration" time="0.019" /><testcase classname="tests.test_strategy_f_transliteration" name="test_chinese_routes_to_transliteration" time="0.016" /><testcase classname="tests.test_strategy_f_transliteration" name="test_passport_does_not_route_to_transliteration" time="0.008" /><testcase classname="tests.test_strategy_g_character_maps" name="test_german_umlaut_expansion" time="0.001" /><testcase classname="tests.test_strategy_g_character_maps" name="test_german_umlaut_drop_variant" time="0.001" /><testcase classname="tests.test_strategy_g_character_maps" name="test_german_sz" time="0.001" /><testcase classname="tests.test_strategy_g_character_maps" name="test_french_accent" time="0.003" /><testcase classname="tests.test_strategy_g_character_maps" name="test_spanish_n_tilde_primary" time="0.002" /><testcase classname="tests.test_strategy_g_character_maps" name="test_spanish_n_tilde_ny_variant" time="0.002" /><testcase classname="tests.test_strategy_g_character_maps" name="test_english_obrien_variant" time="0.002"><failure message="AssertionError: assert ('OBRIEN' in [] or 'O BRIEN' in [])">E   AssertionError: assert ('OBRIEN' in [] or 'O BRIEN' in [])</failure></testcase><testcase classname="tests.test_strategy_g_character_maps" name="test_turkish_dotted_i" time="0.001" /><testcase classname="tests.test_strategy_g_character_maps" name="test_turkish_dotless_i" time="0.001" /><testcase classname="tests.test_strategy_g_character_maps" name="test_turkish_soft_g" time="0.001" /><testcase classname="tests.test_strategy_g_character_maps" name="test_dutch_ij_ligature" time="0.001" /><testcase classname="tests.test_strategy_g_character_maps" name="test_scandinavian_ae" time="0.001" /><testcase classname="tests.test_strategy_g_character_maps" name="test_scandinavian_o_stroke" time="0.001" /><testcase classname="tests.test_strategy_g_character_maps" name="test_scandinavian_a_ring" time="0.001" /><testcase classname="tests.test_strategy_g_character_maps" name="test_polish_l_stroke" time="0.001" /><testcase classname="tests.test_strategy_g_character_maps" name="test_polish_nasal_a" time="0.001" /><testcase classname="tests.test_strategy_g_character_maps" name="test_portuguese_tilde" time="0.001" /><testcase classname="tests.test_strategy_g_character_maps" name="test_portuguese_cedilla" time="0.001" /><testcase classname="tests.test_strategy_g_character_maps" name="test_arabic_returns_none" time="0.001" /><testcase classname="tests.test_strategy_g_character_maps" name="test_japanese_returns_none" time="0.001" /><testcase classname="tests.test_strategy_g_character_maps" name="test_german_routes_to_character_map" time="0.029" /><testcase classname="tests.test_strategy_h_nmt" name="test_returns_none_for_person_name" time="0.002" /><testcase classname="tests.test_strategy_h_nmt" name="test_returns_none_for_company_name" time="0.001" /><testcase classname="tests.test_strategy_h_nmt" name="test_returns_none_for_legal_form" time="0.001" /><testcase classname="tests.test_strategy_h_nmt" name="test_returns_none_for_date_field" time="0.001" /><testcase classname="tests.test_strategy_h_nmt" name="test_returns_none_for_passport_no" time="0.001" /><testcase classname="tests.test_strategy_h_nmt" name="test_returns_none_for_short_text" time="0.001" /><testcase classname="tests.test_strategy_h_nmt" name="test_english_prose_returned_as_is" time="0.001" /><testcase classname="tests.test_strategy_h_nmt" name="test_returns_none_when_no_credentials" time="0.002" /><testcase classname="tests.test_strategy_h_nmt" name="test_prose_field_translated" time="0.001" /><testcase classname="tests.test_strategy_h_nmt" name="test_accounting_policies_field_translated" time="0.002" /><testcase classname="tests.test_strategy_h_nmt" name="test_azure_failure_returns_none" time="0.001" /><testcase classname="tests.test_strategy_h_nmt" name="test_prose_field_routes_to_nmt_when_available" time="0.001" /><testcase classname="tests.test_strategy_h_nmt" name="test_name_field_does_not_route_to_nmt" time="0.004" /><testcase classname="tests.test_transliteration" name="test_japanese_katakana" time="0.003" /><testcase classname="tests.test_transliteration" name="test_japanese_kanji_is_flagged_for_review" time="0.005" /><testcase classname="tests.test_transliteration" name="test_russian_name" time="0.002" /><testcase classname="tests.test_transliteration" name="test_russian_patronymic" time="0.002" /><testcase classname="tests.test_transliteration" name="test_greek_name" time="0.002" /><testcase classname="tests.test_transliteration" name="test_greek_b_to_v_mapping" time="0.003" /><testcase classname="tests.test_transliteration" name="test_chinese_short_name" time="0.002" /><testcase classname="tests.test_transliteration" name="test_chinese_three_char_name" time="0.002" /><testcase classname="tests.test_transliteration" name="test_arabic_flags_review" time="0.002" /><testcase classname="tests.test_transliteration" name="test_result_schema" time="0.002" /><testcase classname="tests.test_transliteration" name="test_bgn_pcgn_corrections_unit" time="0.002"><failure message="AssertionError: assert 'Yuriy' == 'Yurij'&#10;  &#10;  - Yurij&#10;  ?     ^&#10;  + Yuriy&#10;  ?     ^">E   AssertionError: assert 'Yuriy' == 'Yurij'
      
      - Yurij
      ?     ^
      + Yuriy
      ?     ^</failure></testcase><testcase classname="tests.test_transliteration" name="test_russian_bgn_pcgn_in_transliteration[\u041d\u0430\u0442\u0430\u043b\u044c\u044f-NATALYA]" time="0.002" /><testcase classname="tests.test_transliteration" name="test_russian_bgn_pcgn_in_transliteration[\u042e\u0440\u0438\u0439-YURIJ]" time="0.002"><failure message="AssertionError: Expected 'YURIJ' in 'YURIY' for input 'Юрий'&#10;assert 'YURIJ' in 'YURIY'">E   AssertionError: Expected 'YURIJ' in 'YURIY' for input 'Юрий'
    assert 'YURIJ' in 'YURIY'</failure></testcase><testcase classname="tests.test_transliteration" name="test_russian_bgn_pcgn_in_transliteration[\u0415\u043a\u0430\u0442\u0435\u0440\u0438\u043d\u0430-YEKATERINA]" time="0.002" /><testcase classname="tests.test_transliteration" name="test_russian_bgn_pcgn_in_transliteration[\u0422\u0430\u0442\u044c\u044f\u043d\u0430-TATYANA]" time="0.002" /><testcase classname="tests.test_transliteration" name="test_russian_bgn_pcgn_in_transliteration[\u0429\u0443\u043a\u0438\u043d-SHCHUKIN]" time="0.002" /><testcase classname="tests.test_transliteration" name="test_bulgarian_not_affected_by_bgn_pcgn" time="0.001" /><testcase classname="tests.test_transliteration" name="test_kanji_numeral_to_int[\u4e94\u5341\u4e09-53]" time="0.002" /><testcase classname="tests.test_transliteration" name="test_kanji_numeral_to_int[\u4e8c\u3007\u3007\u4e94-2005]" time="0.002" /><testcase classname="tests.test_transliteration" name="test_kanji_numeral_to_int[\u5341\u4e8c-12]" time="0.002" /><testcase classname="tests.test_transliteration" name="test_kanji_numeral_to_int[\u4e09-3]" time="0.003" /><testcase classname="tests.test_transliteration" name="test_kanji_numeral_to_int[\u4e8c\u5341-20]" time="0.002" /><testcase classname="tests.test_transliteration" name="test_kanji_numeral_to_int[\u5143-1]" time="0.002" /><testcase classname="tests.test_transliteration" name="test_kanji_numeral_to_int[\u516d\u5341\u56db-64]" time="0.002" /><testcase classname="tests.test_transliteration" name="test_showa_era_conversion" time="0.002" /><testcase classname="tests.test_transliteration" name="test_heisei_first_year" time="0.001" /><testcase classname="tests.test_transliteration" name="test_reiwa_era_conversion" time="0.001" /><testcase classname="tests.test_transliteration" name="test_kanji_gregorian_no_era" time="0.001" /><testcase classname="tests.test_transliteration" name="test_japanese_era_date_via_transliterate" time="0.002" /><testcase classname="tests.test_transliteration" name="test_japanese_era_date_field_date_type" time="0.001" /><testcase classname="tests.test_transliteration" name="test_german_umlaut_expansion" time="0.001" /><testcase classname="tests.test_transliteration" name="test_german_eszett" time="0.002" /><testcase classname="tests.test_transliteration" name="test_german_hyphenated_name" time="0.001" /><testcase classname="tests.test_transliteration" name="test_german_noble_particle" time="0.002" /><testcase classname="tests.test_transliteration" name="test_french_accent_strip" time="0.001" /><testcase classname="tests.test_transliteration" name="test_french_hyphenated_name" time="0.001" /><testcase classname="tests.test_transliteration" name="test_french_apostrophe_elision" time="0.001" /><testcase classname="tests.test_transliteration" name="test_spanish_accent_strip" time="0.001" /><testcase classname="tests.test_transliteration" name="test_spanish_n_tilde_variant" time="0.002" /><testcase classname="tests.test_transliteration" name="test_spanish_particle_variant" time="0.001" /><testcase classname="tests.test_transliteration" name="test_italian_apostrophe_particle" time="0.001" /><testcase classname="tests.test_transliteration" name="test_italian_double_consonant_preserved" time="0.001" /><testcase classname="tests.test_transliteration" name="test_korean_surname_variants" time="0.001" /><testcase classname="tests.test_transliteration" name="test_korean_lee_variants" time="0.001" /><testcase classname="tests.test_transliteration" name="test_korean_ryu_variants" time="0.001" /><testcase classname="tests.test_transliteration" name="test_english_apostrophe_surname" time="0.001" /><testcase classname="tests.test_transliteration" name="test_english_mac_variant" time="0.001" /><testcase classname="tests.test_transliteration" name="test_english_saint_variant" time="0.003" /><testcase classname="tests.test_transliteration" name="test_cantonese_hk_surname_variant" time="0.005" /><testcase classname="tests.test_transliteration" name="test_cantonese_ng_surname_hk" time="0.004" /><testcase classname="tests.test_transliteration" name="test_cantonese_no_variant_for_cn" time="0.003" /><testcase classname="tests.test_transliteration" name="test_wade_giles_variant_for_tw" time="0.003" /><testcase classname="tests.test_transliteration" name="test_detect_belarusian_false_no_u_short" time="0.002" /><testcase classname="tests.test_transliteration" name="test_detect_belarusian_false_plain_cyrillic" time="0.002" /><testcase classname="tests.test_transliteration" name="test_detect_belarusian_true_with_u_short" time="0.002" /><testcase classname="tests.test_transliteration" name="test_detect_belarusian_true_lowercase_u_short" time="0.001" /><testcase classname="tests.test_transliteration" name="test_belarusian_explicit_language_review_required" time="0.002" /><testcase classname="tests.test_transliteration" name="test_belarusian_u_short_auto_detected_from_ru" time="0.002" /><testcase classname="tests.test_transliteration" name="test_russian_without_u_short_not_promoted" time="0.001" /></testsuite></testsuites>